<?xml version="1.0" encoding="UTF-8"?>
<!-- Generated by org.testng.reporters.JUnitReportReporter -->
<testsuite hostname="Alains-Air" failures="0" tests="1" name="testingDrivers.FrowserFactory" time="5.298" errors="0" timestamp="2021-06-08T07:30:41 CDT" skipped="0">
  <testcase classname="testingDrivers.FrowserFactory" name="init" time="5.298"/>
  <system-out/>
</testsuite> <!-- testingDrivers.FrowserFactory -->
