<?xml version="1.0" encoding="UTF-8"?>
<!-- Generated by org.testng.reporters.JUnitReportReporter -->
<testsuite hostname="Alains-Air" failures="0" tests="1" name="testingDrivers.BrowserFactory" time="7.856" errors="0" timestamp="2021-06-08T14:30:29 CDT" skipped="0">
  <testcase classname="testingDrivers.BrowserFactory" name="init" time="7.856"/>
  <system-out/>
</testsuite> <!-- testingDrivers.BrowserFactory -->
